<?xml version="1.0" encoding="UTF-8"?>
<!-- Generated by org.testng.reporters.JUnitReportReporter -->
<testsuite skipped="0" hostname="LAPTOP-S06757DU" name="hrm.testcases.PIMPageTest" tests="1" failures="0" timestamp="28 Sep 2018 17:19:26 GMT" time="10.737" errors="0">
  <testcase name="verifyaddempTest" time="10.737" classname="hrm.testcases.PIMPageTest"/>
</testsuite> <!-- hrm.testcases.PIMPageTest -->
