<?xml version="1.0" encoding="UTF-8"?>
<!-- Generated by org.testng.reporters.JUnitReportReporter -->
<testsuite skipped="0" hostname="LAPTOP-S06757DU" name="hrm.testcases.JobPageTest" tests="1" failures="0" timestamp="28 Sep 2018 17:19:26 GMT" time="13.787" errors="0">
  <testcase name="addJobDetailsTest" time="13.787" classname="hrm.testcases.JobPageTest"/>
</testsuite> <!-- hrm.testcases.JobPageTest -->
