<?xml version="1.0" encoding="UTF-8"?>
<!-- Generated by org.testng.reporters.JUnitReportReporter -->
<testsuite skipped="0" hostname="LAPTOP-S06757DU" name="hrm.testcases.AddEmpTest" tests="3" failures="0" timestamp="28 Sep 2018 17:19:26 GMT" time="34.907" errors="0">
  <testcase name="addMultiplevaluesTest" time="11.044" classname="hrm.testcases.AddEmpTest"/>
  <testcase name="addMultiplevaluesTest" time="11.731" classname="hrm.testcases.AddEmpTest"/>
  <testcase name="addMultiplevaluesTest" time="12.132" classname="hrm.testcases.AddEmpTest"/>
</testsuite> <!-- hrm.testcases.AddEmpTest -->
