<?xml version="1.0" encoding="UTF-8"?>
<!-- Generated by org.testng.reporters.JUnitReportReporter -->
<testsuite skipped="0" hostname="LAPTOP-S06757DU" name="hrm.testcases.HomepageTest" tests="3" failures="0" timestamp="28 Sep 2018 17:19:26 GMT" time="34.162" errors="0">
  <testcase name="verifyHomepageLabeltest" time="11.566" classname="hrm.testcases.HomepageTest"/>
  <testcase name="verifyPIMLinkTest" time="11.825" classname="hrm.testcases.HomepageTest"/>
  <testcase name="verifyHomepageTitleTest" time="10.771" classname="hrm.testcases.HomepageTest"/>
</testsuite> <!-- hrm.testcases.HomepageTest -->
