<?xml version="1.0" encoding="UTF-8"?>
<!-- Generated by org.testng.reporters.JUnitReportReporter -->
<testsuite skipped="0" hostname="LAPTOP-S06757DU" name="hrm.testcases.LoginpageTest" tests="3" failures="0" timestamp="28 Sep 2018 17:19:26 GMT" time="23.933" errors="0">
  <testcase name="loginpageTitleTest" time="7.047" classname="hrm.testcases.LoginpageTest"/>
  <testcase name="loginTest" time="9.905" classname="hrm.testcases.LoginpageTest"/>
  <testcase name="hrmLogoTest" time="6.981" classname="hrm.testcases.LoginpageTest"/>
</testsuite> <!-- hrm.testcases.LoginpageTest -->
