<?xml version="1.0" encoding="UTF-8"?>
<!-- Generated by org.testng.reporters.JUnitReportReporter -->
<testsuite skipped="0" hostname="LAPTOP-S06757DU" name="hrm.testcases.EmpListTest" tests="1" failures="0" timestamp="28 Sep 2018 17:19:26 GMT" time="14.072" errors="0">
  <testcase name="verifyEmpList" time="14.072" classname="hrm.testcases.EmpListTest"/>
</testsuite> <!-- hrm.testcases.EmpListTest -->
