<?xml version="1.0" encoding="UTF-8"?>
<!-- Generated by org.testng.reporters.JUnitReportReporter -->
<testsuite skipped="0" hostname="LAPTOP-S06757DU" name="hrm.testcases.HomepageTest" tests="3" failures="0" timestamp="29 Sep 2018 01:20:06 GMT" time="39.311" errors="0">
  <testcase name="verifyPIMLinkTest" time="15.202" classname="hrm.testcases.HomepageTest"/>
  <testcase name="verifyHomepageLabeltest" time="12.348" classname="hrm.testcases.HomepageTest"/>
  <testcase name="verifyHomepageTitleTest" time="11.761" classname="hrm.testcases.HomepageTest"/>
</testsuite> <!-- hrm.testcases.HomepageTest -->
