<?xml version="1.0" encoding="UTF-8"?>
<!-- Generated by org.testng.reporters.JUnitReportReporter -->
<testsuite skipped="0" hostname="LAPTOP-S06757DU" name="hrm.testcases.AddEmpTest" tests="3" failures="0" timestamp="29 Sep 2018 01:20:06 GMT" time="63.016" errors="0">
  <testcase name="addMultiplevaluesTest" time="15.091" classname="hrm.testcases.AddEmpTest"/>
  <testcase name="addMultiplevaluesTest" time="14.813" classname="hrm.testcases.AddEmpTest"/>
  <testcase name="addMultiplevaluesTest" time="33.112" classname="hrm.testcases.AddEmpTest"/>
</testsuite> <!-- hrm.testcases.AddEmpTest -->
