<?xml version="1.0" encoding="UTF-8"?>
<!-- Generated by org.testng.reporters.JUnitReportReporter -->
<testsuite skipped="0" hostname="LAPTOP-S06757DU" name="hrm.testcases.JobPageTest" tests="1" failures="0" timestamp="29 Sep 2018 01:20:06 GMT" time="17.157" errors="0">
  <testcase name="addJobDetailsTest" time="17.157" classname="hrm.testcases.JobPageTest"/>
</testsuite> <!-- hrm.testcases.JobPageTest -->
