<?xml version="1.0" encoding="UTF-8"?>
<!-- Generated by org.testng.reporters.JUnitReportReporter -->
<testsuite skipped="0" hostname="LAPTOP-S06757DU" name="hrm.testcases.PersonalDetailsTest" tests="1" failures="0" timestamp="29 Sep 2018 01:20:06 GMT" time="15.235" errors="0">
  <testcase name="verifyClickonJobTest" time="15.235" classname="hrm.testcases.PersonalDetailsTest"/>
</testsuite> <!-- hrm.testcases.PersonalDetailsTest -->
