<?xml version="1.0" encoding="UTF-8"?>
<!-- Generated by org.testng.reporters.JUnitReportReporter -->
<testsuite skipped="0" hostname="LAPTOP-S06757DU" name="hrm.testcases.EmpListTest" tests="1" failures="0" timestamp="29 Sep 2018 01:20:06 GMT" time="19.364" errors="0">
  <testcase name="verifyEmpList" time="19.364" classname="hrm.testcases.EmpListTest"/>
</testsuite> <!-- hrm.testcases.EmpListTest -->
