<?xml version="1.0" encoding="UTF-8"?>
<!-- Generated by org.testng.reporters.JUnitReportReporter -->
<testsuite skipped="0" hostname="LAPTOP-S06757DU" name="hrm.testcases.LoginpageTest" tests="3" failures="0" timestamp="29 Sep 2018 01:20:06 GMT" time="26.952" errors="0">
  <testcase name="loginpageTitleTest" time="8.275" classname="hrm.testcases.LoginpageTest"/>
  <testcase name="hrmLogoTest" time="8.103" classname="hrm.testcases.LoginpageTest"/>
  <testcase name="loginTest" time="10.574" classname="hrm.testcases.LoginpageTest"/>
</testsuite> <!-- hrm.testcases.LoginpageTest -->
